The system is: Darwin - 21.6.0 - x86_64
Compiling the C compiler identification source file "CMakeCCompilerId.c" succeeded.
Compiler: /Library/Developer/CommandLineTools/usr/bin/cc 
Build flags: 
Id flags: -c 

The output was:
0


Compilation of the C compiler identification source "CMakeCCompilerId.c" produced "CMakeCCompilerId.o"

The C compiler identification is AppleClang, found in "/Users/Jeremy/184/pasta_factory/src/CMakeFiles/3.13.4/CompilerIdC/CMakeCCompilerId.o"

Compiling the CXX compiler identification source file "CMakeCXXCompilerId.cpp" succeeded.
Compiler: /Library/Developer/CommandLineTools/usr/bin/c++ 
Build flags: 
Id flags: -c 

The output was:
0


Compilation of the CXX compiler identification source "CMakeCXXCompilerId.cpp" produced "CMakeCXXCompilerId.o"

The CXX compiler identification is AppleClang, found in "/Users/Jeremy/184/pasta_factory/src/CMakeFiles/3.13.4/CompilerIdCXX/CMakeCXXCompilerId.o"

Determining if the C compiler works passed with the following output:
Change Dir: /Users/Jeremy/184/pasta_factory/src/CMakeFiles/CMakeTmp

Run Build Command:"/usr/bin/make" "cmTC_da683/fast"
/Library/Developer/CommandLineTools/usr/bin/make -f CMakeFiles/cmTC_da683.dir/build.make CMakeFiles/cmTC_da683.dir/build
Building C object CMakeFiles/cmTC_da683.dir/testCCompiler.c.o
/Library/Developer/CommandLineTools/usr/bin/cc   -isysroot /Library/Developer/CommandLineTools/SDKs/MacOSX13.1.sdk -mmacosx-version-min=12.6   -o CMakeFiles/cmTC_da683.dir/testCCompiler.c.o   -c /Users/Jeremy/184/pasta_factory/src/CMakeFiles/CMakeTmp/testCCompiler.c
Linking C executable cmTC_da683
/opt/local/bin/cmake -E cmake_link_script CMakeFiles/cmTC_da683.dir/link.txt --verbose=1
/Library/Developer/CommandLineTools/usr/bin/cc   -isysroot /Library/Developer/CommandLineTools/SDKs/MacOSX13.1.sdk -mmacosx-version-min=12.6 -Wl,-search_paths_first -Wl,-headerpad_max_install_names   CMakeFiles/cmTC_da683.dir/testCCompiler.c.o  -o cmTC_da683 


Detecting C compiler ABI info compiled with the following output:
Change Dir: /Users/Jeremy/184/pasta_factory/src/CMakeFiles/CMakeTmp

Run Build Command:"/usr/bin/make" "cmTC_58b05/fast"
/Library/Developer/CommandLineTools/usr/bin/make -f CMakeFiles/cmTC_58b05.dir/build.make CMakeFiles/cmTC_58b05.dir/build
Building C object CMakeFiles/cmTC_58b05.dir/CMakeCCompilerABI.c.o
/Library/Developer/CommandLineTools/usr/bin/cc   -isysroot /Library/Developer/CommandLineTools/SDKs/MacOSX13.1.sdk -mmacosx-version-min=12.6   -o CMakeFiles/cmTC_58b05.dir/CMakeCCompilerABI.c.o   -c /opt/local/share/cmake-3.13/Modules/CMakeCCompilerABI.c
Linking C executable cmTC_58b05
/opt/local/bin/cmake -E cmake_link_script CMakeFiles/cmTC_58b05.dir/link.txt --verbose=1
/Library/Developer/CommandLineTools/usr/bin/cc   -isysroot /Library/Developer/CommandLineTools/SDKs/MacOSX13.1.sdk -mmacosx-version-min=12.6 -Wl,-search_paths_first -Wl,-headerpad_max_install_names  -v -Wl,-v CMakeFiles/cmTC_58b05.dir/CMakeCCompilerABI.c.o  -o cmTC_58b05 
Apple clang version 14.0.0 (clang-1400.0.29.202)
Target: x86_64-apple-darwin21.6.0
Thread model: posix
InstalledDir: /Library/Developer/CommandLineTools/usr/bin
 "/Library/Developer/CommandLineTools/usr/bin/ld" -demangle -lto_library /Library/Developer/CommandLineTools/usr/lib/libLTO.dylib -dynamic -arch x86_64 -platform_version macos 12.6.0 13.1 -syslibroot /Library/Developer/CommandLineTools/SDKs/MacOSX13.1.sdk -o cmTC_58b05 -search_paths_first -headerpad_max_install_names -v CMakeFiles/cmTC_58b05.dir/CMakeCCompilerABI.c.o -lSystem /Library/Developer/CommandLineTools/usr/lib/clang/14.0.0/lib/darwin/libclang_rt.osx.a
@(#)PROGRAM:ld  PROJECT:ld64-820.1
BUILD 20:07:01 Nov  7 2022
configured to support archs: armv6 armv7 armv7s arm64 arm64e arm64_32 i386 x86_64 x86_64h armv6m armv7k armv7m armv7em
Library search paths:
	/Library/Developer/CommandLineTools/SDKs/MacOSX13.1.sdk/usr/lib
Framework search paths:
	/Library/Developer/CommandLineTools/SDKs/MacOSX13.1.sdk/System/Library/Frameworks/


Parsed C implicit link information from above output:
  link line regex: [^( *|.*[/\])(ld|CMAKE_LINK_STARTFILE-NOTFOUND|([^/\]+-)?ld|collect2)[^/\]*( |$)]
  ignore line: [Change Dir: /Users/Jeremy/184/pasta_factory/src/CMakeFiles/CMakeTmp]
  ignore line: []
  ignore line: [Run Build Command:"/usr/bin/make" "cmTC_58b05/fast"]
  ignore line: [/Library/Developer/CommandLineTools/usr/bin/make -f CMakeFiles/cmTC_58b05.dir/build.make CMakeFiles/cmTC_58b05.dir/build]
  ignore line: [Building C object CMakeFiles/cmTC_58b05.dir/CMakeCCompilerABI.c.o]
  ignore line: [/Library/Developer/CommandLineTools/usr/bin/cc   -isysroot /Library/Developer/CommandLineTools/SDKs/MacOSX13.1.sdk -mmacosx-version-min=12.6   -o CMakeFiles/cmTC_58b05.dir/CMakeCCompilerABI.c.o   -c /opt/local/share/cmake-3.13/Modules/CMakeCCompilerABI.c]
  ignore line: [Linking C executable cmTC_58b05]
  ignore line: [/opt/local/bin/cmake -E cmake_link_script CMakeFiles/cmTC_58b05.dir/link.txt --verbose=1]
  ignore line: [/Library/Developer/CommandLineTools/usr/bin/cc   -isysroot /Library/Developer/CommandLineTools/SDKs/MacOSX13.1.sdk -mmacosx-version-min=12.6 -Wl,-search_paths_first -Wl,-headerpad_max_install_names  -v -Wl,-v CMakeFiles/cmTC_58b05.dir/CMakeCCompilerABI.c.o  -o cmTC_58b05 ]
  ignore line: [Apple clang version 14.0.0 (clang-1400.0.29.202)]
  ignore line: [Target: x86_64-apple-darwin21.6.0]
  ignore line: [Thread model: posix]
  ignore line: [InstalledDir: /Library/Developer/CommandLineTools/usr/bin]
  link line: [ "/Library/Developer/CommandLineTools/usr/bin/ld" -demangle -lto_library /Library/Developer/CommandLineTools/usr/lib/libLTO.dylib -dynamic -arch x86_64 -platform_version macos 12.6.0 13.1 -syslibroot /Library/Developer/CommandLineTools/SDKs/MacOSX13.1.sdk -o cmTC_58b05 -search_paths_first -headerpad_max_install_names -v CMakeFiles/cmTC_58b05.dir/CMakeCCompilerABI.c.o -lSystem /Library/Developer/CommandLineTools/usr/lib/clang/14.0.0/lib/darwin/libclang_rt.osx.a]
    arg [/Library/Developer/CommandLineTools/usr/bin/ld] ==> ignore
    arg [-demangle] ==> ignore
    arg [-lto_library] ==> ignore, skip following value
    arg [/Library/Developer/CommandLineTools/usr/lib/libLTO.dylib] ==> skip value of -lto_library
    arg [-dynamic] ==> ignore
    arg [-arch] ==> ignore
    arg [x86_64] ==> ignore
    arg [-platform_version] ==> ignore
    arg [macos] ==> ignore
    arg [12.6.0] ==> ignore
    arg [13.1] ==> ignore
    arg [-syslibroot] ==> ignore
    arg [/Library/Developer/CommandLineTools/SDKs/MacOSX13.1.sdk] ==> ignore
    arg [-o] ==> ignore
    arg [cmTC_58b05] ==> ignore
    arg [-search_paths_first] ==> ignore
    arg [-headerpad_max_install_names] ==> ignore
    arg [-v] ==> ignore
    arg [CMakeFiles/cmTC_58b05.dir/CMakeCCompilerABI.c.o] ==> ignore
    arg [-lSystem] ==> lib [System]
    arg [/Library/Developer/CommandLineTools/usr/lib/clang/14.0.0/lib/darwin/libclang_rt.osx.a] ==> lib [/Library/Developer/CommandLineTools/usr/lib/clang/14.0.0/lib/darwin/libclang_rt.osx.a]
  Library search paths: [;/Library/Developer/CommandLineTools/SDKs/MacOSX13.1.sdk/usr/lib]
  Framework search paths: [;/Library/Developer/CommandLineTools/SDKs/MacOSX13.1.sdk/System/Library/Frameworks/]
  remove lib [System]
  remove lib [/Library/Developer/CommandLineTools/usr/lib/clang/14.0.0/lib/darwin/libclang_rt.osx.a]
  collapse library dir [/Library/Developer/CommandLineTools/SDKs/MacOSX13.1.sdk/usr/lib] ==> [/Library/Developer/CommandLineTools/SDKs/MacOSX13.1.sdk/usr/lib]
  collapse framework dir [/Library/Developer/CommandLineTools/SDKs/MacOSX13.1.sdk/System/Library/Frameworks/] ==> [/Library/Developer/CommandLineTools/SDKs/MacOSX13.1.sdk/System/Library/Frameworks]
  implicit libs: []
  implicit dirs: [/Library/Developer/CommandLineTools/SDKs/MacOSX13.1.sdk/usr/lib]
  implicit fwks: [/Library/Developer/CommandLineTools/SDKs/MacOSX13.1.sdk/System/Library/Frameworks]




Detecting C [-std=c11] compiler features compiled with the following output:
Change Dir: /Users/Jeremy/184/pasta_factory/src/CMakeFiles/CMakeTmp

Run Build Command:"/usr/bin/make" "cmTC_dbedc/fast"
/Library/Developer/CommandLineTools/usr/bin/make -f CMakeFiles/cmTC_dbedc.dir/build.make CMakeFiles/cmTC_dbedc.dir/build
Building C object CMakeFiles/cmTC_dbedc.dir/feature_tests.c.o
/Library/Developer/CommandLineTools/usr/bin/cc   -isysroot /Library/Developer/CommandLineTools/SDKs/MacOSX13.1.sdk -mmacosx-version-min=12.6   -std=c11 -o CMakeFiles/cmTC_dbedc.dir/feature_tests.c.o   -c /Users/Jeremy/184/pasta_factory/src/CMakeFiles/feature_tests.c
Linking C executable cmTC_dbedc
/opt/local/bin/cmake -E cmake_link_script CMakeFiles/cmTC_dbedc.dir/link.txt --verbose=1
/Library/Developer/CommandLineTools/usr/bin/cc   -isysroot /Library/Developer/CommandLineTools/SDKs/MacOSX13.1.sdk -mmacosx-version-min=12.6 -Wl,-search_paths_first -Wl,-headerpad_max_install_names   CMakeFiles/cmTC_dbedc.dir/feature_tests.c.o  -o cmTC_dbedc 


    Feature record: C_FEATURE:1c_function_prototypes
    Feature record: C_FEATURE:1c_restrict
    Feature record: C_FEATURE:1c_static_assert
    Feature record: C_FEATURE:1c_variadic_macros


Detecting C [-std=c99] compiler features compiled with the following output:
Change Dir: /Users/Jeremy/184/pasta_factory/src/CMakeFiles/CMakeTmp

Run Build Command:"/usr/bin/make" "cmTC_5e30b/fast"
/Library/Developer/CommandLineTools/usr/bin/make -f CMakeFiles/cmTC_5e30b.dir/build.make CMakeFiles/cmTC_5e30b.dir/build
Building C object CMakeFiles/cmTC_5e30b.dir/feature_tests.c.o
/Library/Developer/CommandLineTools/usr/bin/cc   -isysroot /Library/Developer/CommandLineTools/SDKs/MacOSX13.1.sdk -mmacosx-version-min=12.6   -std=c99 -o CMakeFiles/cmTC_5e30b.dir/feature_tests.c.o   -c /Users/Jeremy/184/pasta_factory/src/CMakeFiles/feature_tests.c
Linking C executable cmTC_5e30b
/opt/local/bin/cmake -E cmake_link_script CMakeFiles/cmTC_5e30b.dir/link.txt --verbose=1
/Library/Developer/CommandLineTools/usr/bin/cc   -isysroot /Library/Developer/CommandLineTools/SDKs/MacOSX13.1.sdk -mmacosx-version-min=12.6 -Wl,-search_paths_first -Wl,-headerpad_max_install_names   CMakeFiles/cmTC_5e30b.dir/feature_tests.c.o  -o cmTC_5e30b 


    Feature record: C_FEATURE:1c_function_prototypes
    Feature record: C_FEATURE:1c_restrict
    Feature record: C_FEATURE:0c_static_assert
    Feature record: C_FEATURE:1c_variadic_macros


Detecting C [-std=c90] compiler features compiled with the following output:
Change Dir: /Users/Jeremy/184/pasta_factory/src/CMakeFiles/CMakeTmp

Run Build Command:"/usr/bin/make" "cmTC_18d21/fast"
/Library/Developer/CommandLineTools/usr/bin/make -f CMakeFiles/cmTC_18d21.dir/build.make CMakeFiles/cmTC_18d21.dir/build
Building C object CMakeFiles/cmTC_18d21.dir/feature_tests.c.o
/Library/Developer/CommandLineTools/usr/bin/cc   -isysroot /Library/Developer/CommandLineTools/SDKs/MacOSX13.1.sdk -mmacosx-version-min=12.6   -std=c90 -o CMakeFiles/cmTC_18d21.dir/feature_tests.c.o   -c /Users/Jeremy/184/pasta_factory/src/CMakeFiles/feature_tests.c
Linking C executable cmTC_18d21
/opt/local/bin/cmake -E cmake_link_script CMakeFiles/cmTC_18d21.dir/link.txt --verbose=1
/Library/Developer/CommandLineTools/usr/bin/cc   -isysroot /Library/Developer/CommandLineTools/SDKs/MacOSX13.1.sdk -mmacosx-version-min=12.6 -Wl,-search_paths_first -Wl,-headerpad_max_install_names   CMakeFiles/cmTC_18d21.dir/feature_tests.c.o  -o cmTC_18d21 


    Feature record: C_FEATURE:1c_function_prototypes
    Feature record: C_FEATURE:0c_restrict
    Feature record: C_FEATURE:0c_static_assert
    Feature record: C_FEATURE:0c_variadic_macros
Determining if the CXX compiler works passed with the following output:
Change Dir: /Users/Jeremy/184/pasta_factory/src/CMakeFiles/CMakeTmp

Run Build Command:"/usr/bin/make" "cmTC_f0be0/fast"
/Library/Developer/CommandLineTools/usr/bin/make -f CMakeFiles/cmTC_f0be0.dir/build.make CMakeFiles/cmTC_f0be0.dir/build
Building CXX object CMakeFiles/cmTC_f0be0.dir/testCXXCompiler.cxx.o
/Library/Developer/CommandLineTools/usr/bin/c++    -isysroot /Library/Developer/CommandLineTools/SDKs/MacOSX13.1.sdk -mmacosx-version-min=12.6   -o CMakeFiles/cmTC_f0be0.dir/testCXXCompiler.cxx.o -c /Users/Jeremy/184/pasta_factory/src/CMakeFiles/CMakeTmp/testCXXCompiler.cxx
Linking CXX executable cmTC_f0be0
/opt/local/bin/cmake -E cmake_link_script CMakeFiles/cmTC_f0be0.dir/link.txt --verbose=1
/Library/Developer/CommandLineTools/usr/bin/c++    -isysroot /Library/Developer/CommandLineTools/SDKs/MacOSX13.1.sdk -mmacosx-version-min=12.6 -Wl,-search_paths_first -Wl,-headerpad_max_install_names   CMakeFiles/cmTC_f0be0.dir/testCXXCompiler.cxx.o  -o cmTC_f0be0 


Detecting CXX compiler ABI info compiled with the following output:
Change Dir: /Users/Jeremy/184/pasta_factory/src/CMakeFiles/CMakeTmp

Run Build Command:"/usr/bin/make" "cmTC_0b9d4/fast"
/Library/Developer/CommandLineTools/usr/bin/make -f CMakeFiles/cmTC_0b9d4.dir/build.make CMakeFiles/cmTC_0b9d4.dir/build
Building CXX object CMakeFiles/cmTC_0b9d4.dir/CMakeCXXCompilerABI.cpp.o
/Library/Developer/CommandLineTools/usr/bin/c++    -isysroot /Library/Developer/CommandLineTools/SDKs/MacOSX13.1.sdk -mmacosx-version-min=12.6   -o CMakeFiles/cmTC_0b9d4.dir/CMakeCXXCompilerABI.cpp.o -c /opt/local/share/cmake-3.13/Modules/CMakeCXXCompilerABI.cpp
Linking CXX executable cmTC_0b9d4
/opt/local/bin/cmake -E cmake_link_script CMakeFiles/cmTC_0b9d4.dir/link.txt --verbose=1
/Library/Developer/CommandLineTools/usr/bin/c++    -isysroot /Library/Developer/CommandLineTools/SDKs/MacOSX13.1.sdk -mmacosx-version-min=12.6 -Wl,-search_paths_first -Wl,-headerpad_max_install_names  -v -Wl,-v CMakeFiles/cmTC_0b9d4.dir/CMakeCXXCompilerABI.cpp.o  -o cmTC_0b9d4 
Apple clang version 14.0.0 (clang-1400.0.29.202)
Target: x86_64-apple-darwin21.6.0
Thread model: posix
InstalledDir: /Library/Developer/CommandLineTools/usr/bin
 "/Library/Developer/CommandLineTools/usr/bin/ld" -demangle -lto_library /Library/Developer/CommandLineTools/usr/lib/libLTO.dylib -dynamic -arch x86_64 -platform_version macos 12.6.0 13.1 -syslibroot /Library/Developer/CommandLineTools/SDKs/MacOSX13.1.sdk -o cmTC_0b9d4 -search_paths_first -headerpad_max_install_names -v CMakeFiles/cmTC_0b9d4.dir/CMakeCXXCompilerABI.cpp.o -lc++ -lSystem /Library/Developer/CommandLineTools/usr/lib/clang/14.0.0/lib/darwin/libclang_rt.osx.a
@(#)PROGRAM:ld  PROJECT:ld64-820.1
BUILD 20:07:01 Nov  7 2022
configured to support archs: armv6 armv7 armv7s arm64 arm64e arm64_32 i386 x86_64 x86_64h armv6m armv7k armv7m armv7em
Library search paths:
	/Library/Developer/CommandLineTools/SDKs/MacOSX13.1.sdk/usr/lib
Framework search paths:
	/Library/Developer/CommandLineTools/SDKs/MacOSX13.1.sdk/System/Library/Frameworks/


Parsed CXX implicit link information from above output:
  link line regex: [^( *|.*[/\])(ld|CMAKE_LINK_STARTFILE-NOTFOUND|([^/\]+-)?ld|collect2)[^/\]*( |$)]
  ignore line: [Change Dir: /Users/Jeremy/184/pasta_factory/src/CMakeFiles/CMakeTmp]
  ignore line: []
  ignore line: [Run Build Command:"/usr/bin/make" "cmTC_0b9d4/fast"]
  ignore line: [/Library/Developer/CommandLineTools/usr/bin/make -f CMakeFiles/cmTC_0b9d4.dir/build.make CMakeFiles/cmTC_0b9d4.dir/build]
  ignore line: [Building CXX object CMakeFiles/cmTC_0b9d4.dir/CMakeCXXCompilerABI.cpp.o]
  ignore line: [/Library/Developer/CommandLineTools/usr/bin/c++    -isysroot /Library/Developer/CommandLineTools/SDKs/MacOSX13.1.sdk -mmacosx-version-min=12.6   -o CMakeFiles/cmTC_0b9d4.dir/CMakeCXXCompilerABI.cpp.o -c /opt/local/share/cmake-3.13/Modules/CMakeCXXCompilerABI.cpp]
  ignore line: [Linking CXX executable cmTC_0b9d4]
  ignore line: [/opt/local/bin/cmake -E cmake_link_script CMakeFiles/cmTC_0b9d4.dir/link.txt --verbose=1]
  ignore line: [/Library/Developer/CommandLineTools/usr/bin/c++    -isysroot /Library/Developer/CommandLineTools/SDKs/MacOSX13.1.sdk -mmacosx-version-min=12.6 -Wl,-search_paths_first -Wl,-headerpad_max_install_names  -v -Wl,-v CMakeFiles/cmTC_0b9d4.dir/CMakeCXXCompilerABI.cpp.o  -o cmTC_0b9d4 ]
  ignore line: [Apple clang version 14.0.0 (clang-1400.0.29.202)]
  ignore line: [Target: x86_64-apple-darwin21.6.0]
  ignore line: [Thread model: posix]
  ignore line: [InstalledDir: /Library/Developer/CommandLineTools/usr/bin]
  link line: [ "/Library/Developer/CommandLineTools/usr/bin/ld" -demangle -lto_library /Library/Developer/CommandLineTools/usr/lib/libLTO.dylib -dynamic -arch x86_64 -platform_version macos 12.6.0 13.1 -syslibroot /Library/Developer/CommandLineTools/SDKs/MacOSX13.1.sdk -o cmTC_0b9d4 -search_paths_first -headerpad_max_install_names -v CMakeFiles/cmTC_0b9d4.dir/CMakeCXXCompilerABI.cpp.o -lc++ -lSystem /Library/Developer/CommandLineTools/usr/lib/clang/14.0.0/lib/darwin/libclang_rt.osx.a]
    arg [/Library/Developer/CommandLineTools/usr/bin/ld] ==> ignore
    arg [-demangle] ==> ignore
    arg [-lto_library] ==> ignore, skip following value
    arg [/Library/Developer/CommandLineTools/usr/lib/libLTO.dylib] ==> skip value of -lto_library
    arg [-dynamic] ==> ignore
    arg [-arch] ==> ignore
    arg [x86_64] ==> ignore
    arg [-platform_version] ==> ignore
    arg [macos] ==> ignore
    arg [12.6.0] ==> ignore
    arg [13.1] ==> ignore
    arg [-syslibroot] ==> ignore
    arg [/Library/Developer/CommandLineTools/SDKs/MacOSX13.1.sdk] ==> ignore
    arg [-o] ==> ignore
    arg [cmTC_0b9d4] ==> ignore
    arg [-search_paths_first] ==> ignore
    arg [-headerpad_max_install_names] ==> ignore
    arg [-v] ==> ignore
    arg [CMakeFiles/cmTC_0b9d4.dir/CMakeCXXCompilerABI.cpp.o] ==> ignore
    arg [-lc++] ==> lib [c++]
    arg [-lSystem] ==> lib [System]
    arg [/Library/Developer/CommandLineTools/usr/lib/clang/14.0.0/lib/darwin/libclang_rt.osx.a] ==> lib [/Library/Developer/CommandLineTools/usr/lib/clang/14.0.0/lib/darwin/libclang_rt.osx.a]
  Library search paths: [;/Library/Developer/CommandLineTools/SDKs/MacOSX13.1.sdk/usr/lib]
  Framework search paths: [;/Library/Developer/CommandLineTools/SDKs/MacOSX13.1.sdk/System/Library/Frameworks/]
  remove lib [System]
  remove lib [/Library/Developer/CommandLineTools/usr/lib/clang/14.0.0/lib/darwin/libclang_rt.osx.a]
  collapse library dir [/Library/Developer/CommandLineTools/SDKs/MacOSX13.1.sdk/usr/lib] ==> [/Library/Developer/CommandLineTools/SDKs/MacOSX13.1.sdk/usr/lib]
  collapse framework dir [/Library/Developer/CommandLineTools/SDKs/MacOSX13.1.sdk/System/Library/Frameworks/] ==> [/Library/Developer/CommandLineTools/SDKs/MacOSX13.1.sdk/System/Library/Frameworks]
  implicit libs: [c++]
  implicit dirs: [/Library/Developer/CommandLineTools/SDKs/MacOSX13.1.sdk/usr/lib]
  implicit fwks: [/Library/Developer/CommandLineTools/SDKs/MacOSX13.1.sdk/System/Library/Frameworks]




Detecting CXX [-std=c++1z] compiler features compiled with the following output:
Change Dir: /Users/Jeremy/184/pasta_factory/src/CMakeFiles/CMakeTmp

Run Build Command:"/usr/bin/make" "cmTC_fe1f8/fast"
/Library/Developer/CommandLineTools/usr/bin/make -f CMakeFiles/cmTC_fe1f8.dir/build.make CMakeFiles/cmTC_fe1f8.dir/build
Building CXX object CMakeFiles/cmTC_fe1f8.dir/feature_tests.cxx.o
/Library/Developer/CommandLineTools/usr/bin/c++    -isysroot /Library/Developer/CommandLineTools/SDKs/MacOSX13.1.sdk -mmacosx-version-min=12.6   -std=c++1z -o CMakeFiles/cmTC_fe1f8.dir/feature_tests.cxx.o -c /Users/Jeremy/184/pasta_factory/src/CMakeFiles/feature_tests.cxx
Linking CXX executable cmTC_fe1f8
/opt/local/bin/cmake -E cmake_link_script CMakeFiles/cmTC_fe1f8.dir/link.txt --verbose=1
/Library/Developer/CommandLineTools/usr/bin/c++    -isysroot /Library/Developer/CommandLineTools/SDKs/MacOSX13.1.sdk -mmacosx-version-min=12.6 -Wl,-search_paths_first -Wl,-headerpad_max_install_names   CMakeFiles/cmTC_fe1f8.dir/feature_tests.cxx.o  -o cmTC_fe1f8 


    Feature record: CXX_FEATURE:1cxx_aggregate_default_initializers
    Feature record: CXX_FEATURE:1cxx_alias_templates
    Feature record: CXX_FEATURE:1cxx_alignas
    Feature record: CXX_FEATURE:1cxx_alignof
    Feature record: CXX_FEATURE:1cxx_attributes
    Feature record: CXX_FEATURE:1cxx_attribute_deprecated
    Feature record: CXX_FEATURE:1cxx_auto_type
    Feature record: CXX_FEATURE:1cxx_binary_literals
    Feature record: CXX_FEATURE:1cxx_constexpr
    Feature record: CXX_FEATURE:1cxx_contextual_conversions
    Feature record: CXX_FEATURE:1cxx_decltype
    Feature record: CXX_FEATURE:1cxx_decltype_auto
    Feature record: CXX_FEATURE:1cxx_decltype_incomplete_return_types
    Feature record: CXX_FEATURE:1cxx_default_function_template_args
    Feature record: CXX_FEATURE:1cxx_defaulted_functions
    Feature record: CXX_FEATURE:1cxx_defaulted_move_initializers
    Feature record: CXX_FEATURE:1cxx_delegating_constructors
    Feature record: CXX_FEATURE:1cxx_deleted_functions
    Feature record: CXX_FEATURE:1cxx_digit_separators
    Feature record: CXX_FEATURE:1cxx_enum_forward_declarations
    Feature record: CXX_FEATURE:1cxx_explicit_conversions
    Feature record: CXX_FEATURE:1cxx_extended_friend_declarations
    Feature record: CXX_FEATURE:1cxx_extern_templates
    Feature record: CXX_FEATURE:1cxx_final
    Feature record: CXX_FEATURE:1cxx_func_identifier
    Feature record: CXX_FEATURE:1cxx_generalized_initializers
    Feature record: CXX_FEATURE:1cxx_generic_lambdas
    Feature record: CXX_FEATURE:1cxx_inheriting_constructors
    Feature record: CXX_FEATURE:1cxx_inline_namespaces
    Feature record: CXX_FEATURE:1cxx_lambdas
    Feature record: CXX_FEATURE:1cxx_lambda_init_captures
    Feature record: CXX_FEATURE:1cxx_local_type_template_args
    Feature record: CXX_FEATURE:1cxx_long_long_type
    Feature record: CXX_FEATURE:1cxx_noexcept
    Feature record: CXX_FEATURE:1cxx_nonstatic_member_init
    Feature record: CXX_FEATURE:1cxx_nullptr
    Feature record: CXX_FEATURE:1cxx_override
    Feature record: CXX_FEATURE:1cxx_range_for
    Feature record: CXX_FEATURE:1cxx_raw_string_literals
    Feature record: CXX_FEATURE:1cxx_reference_qualified_functions
    Feature record: CXX_FEATURE:1cxx_relaxed_constexpr
    Feature record: CXX_FEATURE:1cxx_return_type_deduction
    Feature record: CXX_FEATURE:1cxx_right_angle_brackets
    Feature record: CXX_FEATURE:1cxx_rvalue_references
    Feature record: CXX_FEATURE:1cxx_sizeof_member
    Feature record: CXX_FEATURE:1cxx_static_assert
    Feature record: CXX_FEATURE:1cxx_strong_enums
    Feature record: CXX_FEATURE:1cxx_template_template_parameters
    Feature record: CXX_FEATURE:1cxx_thread_local
    Feature record: CXX_FEATURE:1cxx_trailing_return_types
    Feature record: CXX_FEATURE:1cxx_unicode_literals
    Feature record: CXX_FEATURE:1cxx_uniform_initialization
    Feature record: CXX_FEATURE:1cxx_unrestricted_unions
    Feature record: CXX_FEATURE:1cxx_user_literals
    Feature record: CXX_FEATURE:1cxx_variable_templates
    Feature record: CXX_FEATURE:1cxx_variadic_macros
    Feature record: CXX_FEATURE:1cxx_variadic_templates


Detecting CXX [-std=c++14] compiler features compiled with the following output:
Change Dir: /Users/Jeremy/184/pasta_factory/src/CMakeFiles/CMakeTmp

Run Build Command:"/usr/bin/make" "cmTC_0aa1e/fast"
/Library/Developer/CommandLineTools/usr/bin/make -f CMakeFiles/cmTC_0aa1e.dir/build.make CMakeFiles/cmTC_0aa1e.dir/build
Building CXX object CMakeFiles/cmTC_0aa1e.dir/feature_tests.cxx.o
/Library/Developer/CommandLineTools/usr/bin/c++    -isysroot /Library/Developer/CommandLineTools/SDKs/MacOSX13.1.sdk -mmacosx-version-min=12.6   -std=c++14 -o CMakeFiles/cmTC_0aa1e.dir/feature_tests.cxx.o -c /Users/Jeremy/184/pasta_factory/src/CMakeFiles/feature_tests.cxx
Linking CXX executable cmTC_0aa1e
/opt/local/bin/cmake -E cmake_link_script CMakeFiles/cmTC_0aa1e.dir/link.txt --verbose=1
/Library/Developer/CommandLineTools/usr/bin/c++    -isysroot /Library/Developer/CommandLineTools/SDKs/MacOSX13.1.sdk -mmacosx-version-min=12.6 -Wl,-search_paths_first -Wl,-headerpad_max_install_names   CMakeFiles/cmTC_0aa1e.dir/feature_tests.cxx.o  -o cmTC_0aa1e 


    Feature record: CXX_FEATURE:1cxx_aggregate_default_initializers
    Feature record: CXX_FEATURE:1cxx_alias_templates
    Feature record: CXX_FEATURE:1cxx_alignas
    Feature record: CXX_FEATURE:1cxx_alignof
    Feature record: CXX_FEATURE:1cxx_attributes
    Feature record: CXX_FEATURE:1cxx_attribute_deprecated
    Feature record: CXX_FEATURE:1cxx_auto_type
    Feature record: CXX_FEATURE:1cxx_binary_literals
    Feature record: CXX_FEATURE:1cxx_constexpr
    Feature record: CXX_FEATURE:1cxx_contextual_conversions
    Feature record: CXX_FEATURE:1cxx_decltype
    Feature record: CXX_FEATURE:1cxx_decltype_auto
    Feature record: CXX_FEATURE:1cxx_decltype_incomplete_return_types
    Feature record: CXX_FEATURE:1cxx_default_function_template_args
    Feature record: CXX_FEATURE:1cxx_defaulted_functions
    Feature record: CXX_FEATURE:1cxx_defaulted_move_initializers
    Feature record: CXX_FEATURE:1cxx_delegating_constructors
    Feature record: CXX_FEATURE:1cxx_deleted_functions
    Feature record: CXX_FEATURE:1cxx_digit_separators
    Feature record: CXX_FEATURE:1cxx_enum_forward_declarations
    Feature record: CXX_FEATURE:1cxx_explicit_conversions
    Feature record: CXX_FEATURE:1cxx_extended_friend_declarations
    Feature record: CXX_FEATURE:1cxx_extern_templates
    Feature record: CXX_FEATURE:1cxx_final
    Feature record: CXX_FEATURE:1cxx_func_identifier
    Feature record: CXX_FEATURE:1cxx_generalized_initializers
    Feature record: CXX_FEATURE:1cxx_generic_lambdas
    Feature record: CXX_FEATURE:1cxx_inheriting_constructors
    Feature record: CXX_FEATURE:1cxx_inline_namespaces
    Feature record: CXX_FEATURE:1cxx_lambdas
    Feature record: CXX_FEATURE:1cxx_lambda_init_captures
    Feature record: CXX_FEATURE:1cxx_local_type_template_args
    Feature record: CXX_FEATURE:1cxx_long_long_type
    Feature record: CXX_FEATURE:1cxx_noexcept
    Feature record: CXX_FEATURE:1cxx_nonstatic_member_init
    Feature record: CXX_FEATURE:1cxx_nullptr
    Feature record: CXX_FEATURE:1cxx_override
    Feature record: CXX_FEATURE:1cxx_range_for
    Feature record: CXX_FEATURE:1cxx_raw_string_literals
    Feature record: CXX_FEATURE:1cxx_reference_qualified_functions
    Feature record: CXX_FEATURE:1cxx_relaxed_constexpr
    Feature record: CXX_FEATURE:1cxx_return_type_deduction
    Feature record: CXX_FEATURE:1cxx_right_angle_brackets
    Feature record: CXX_FEATURE:1cxx_rvalue_references
    Feature record: CXX_FEATURE:1cxx_sizeof_member
    Feature record: CXX_FEATURE:1cxx_static_assert
    Feature record: CXX_FEATURE:1cxx_strong_enums
    Feature record: CXX_FEATURE:1cxx_template_template_parameters
    Feature record: CXX_FEATURE:1cxx_thread_local
    Feature record: CXX_FEATURE:1cxx_trailing_return_types
    Feature record: CXX_FEATURE:1cxx_unicode_literals
    Feature record: CXX_FEATURE:1cxx_uniform_initialization
    Feature record: CXX_FEATURE:1cxx_unrestricted_unions
    Feature record: CXX_FEATURE:1cxx_user_literals
    Feature record: CXX_FEATURE:1cxx_variable_templates
    Feature record: CXX_FEATURE:1cxx_variadic_macros
    Feature record: CXX_FEATURE:1cxx_variadic_templates


Detecting CXX [-std=c++11] compiler features compiled with the following output:
Change Dir: /Users/Jeremy/184/pasta_factory/src/CMakeFiles/CMakeTmp

Run Build Command:"/usr/bin/make" "cmTC_63d42/fast"
/Library/Developer/CommandLineTools/usr/bin/make -f CMakeFiles/cmTC_63d42.dir/build.make CMakeFiles/cmTC_63d42.dir/build
Building CXX object CMakeFiles/cmTC_63d42.dir/feature_tests.cxx.o
/Library/Developer/CommandLineTools/usr/bin/c++    -isysroot /Library/Developer/CommandLineTools/SDKs/MacOSX13.1.sdk -mmacosx-version-min=12.6   -std=c++11 -o CMakeFiles/cmTC_63d42.dir/feature_tests.cxx.o -c /Users/Jeremy/184/pasta_factory/src/CMakeFiles/feature_tests.cxx
Linking CXX executable cmTC_63d42
/opt/local/bin/cmake -E cmake_link_script CMakeFiles/cmTC_63d42.dir/link.txt --verbose=1
/Library/Developer/CommandLineTools/usr/bin/c++    -isysroot /Library/Developer/CommandLineTools/SDKs/MacOSX13.1.sdk -mmacosx-version-min=12.6 -Wl,-search_paths_first -Wl,-headerpad_max_install_names   CMakeFiles/cmTC_63d42.dir/feature_tests.cxx.o  -o cmTC_63d42 


    Feature record: CXX_FEATURE:0cxx_aggregate_default_initializers
    Feature record: CXX_FEATURE:1cxx_alias_templates
    Feature record: CXX_FEATURE:1cxx_alignas
    Feature record: CXX_FEATURE:1cxx_alignof
    Feature record: CXX_FEATURE:1cxx_attributes
    Feature record: CXX_FEATURE:0cxx_attribute_deprecated
    Feature record: CXX_FEATURE:1cxx_auto_type
    Feature record: CXX_FEATURE:0cxx_binary_literals
    Feature record: CXX_FEATURE:1cxx_constexpr
    Feature record: CXX_FEATURE:0cxx_contextual_conversions
    Feature record: CXX_FEATURE:1cxx_decltype
    Feature record: CXX_FEATURE:0cxx_decltype_auto
    Feature record: CXX_FEATURE:1cxx_decltype_incomplete_return_types
    Feature record: CXX_FEATURE:1cxx_default_function_template_args
    Feature record: CXX_FEATURE:1cxx_defaulted_functions
    Feature record: CXX_FEATURE:1cxx_defaulted_move_initializers
    Feature record: CXX_FEATURE:1cxx_delegating_constructors
    Feature record: CXX_FEATURE:1cxx_deleted_functions
    Feature record: CXX_FEATURE:0cxx_digit_separators
    Feature record: CXX_FEATURE:1cxx_enum_forward_declarations
    Feature record: CXX_FEATURE:1cxx_explicit_conversions
    Feature record: CXX_FEATURE:1cxx_extended_friend_declarations
    Feature record: CXX_FEATURE:1cxx_extern_templates
    Feature record: CXX_FEATURE:1cxx_final
    Feature record: CXX_FEATURE:1cxx_func_identifier
    Feature record: CXX_FEATURE:1cxx_generalized_initializers
    Feature record: CXX_FEATURE:0cxx_generic_lambdas
    Feature record: CXX_FEATURE:1cxx_inheriting_constructors
    Feature record: CXX_FEATURE:1cxx_inline_namespaces
    Feature record: CXX_FEATURE:1cxx_lambdas
    Feature record: CXX_FEATURE:0cxx_lambda_init_captures
    Feature record: CXX_FEATURE:1cxx_local_type_template_args
    Feature record: CXX_FEATURE:1cxx_long_long_type
    Feature record: CXX_FEATURE:1cxx_noexcept
    Feature record: CXX_FEATURE:1cxx_nonstatic_member_init
    Feature record: CXX_FEATURE:1cxx_nullptr
    Feature record: CXX_FEATURE:1cxx_override
    Feature record: CXX_FEATURE:1cxx_range_for
    Feature record: CXX_FEATURE:1cxx_raw_string_literals
    Feature record: CXX_FEATURE:1cxx_reference_qualified_functions
    Feature record: CXX_FEATURE:0cxx_relaxed_constexpr
    Feature record: CXX_FEATURE:0cxx_return_type_deduction
    Feature record: CXX_FEATURE:1cxx_right_angle_brackets
    Feature record: CXX_FEATURE:1cxx_rvalue_references
    Feature record: CXX_FEATURE:1cxx_sizeof_member
    Feature record: CXX_FEATURE:1cxx_static_assert
    Feature record: CXX_FEATURE:1cxx_strong_enums
    Feature record: CXX_FEATURE:1cxx_template_template_parameters
    Feature record: CXX_FEATURE:1cxx_thread_local
    Feature record: CXX_FEATURE:1cxx_trailing_return_types
    Feature record: CXX_FEATURE:1cxx_unicode_literals
    Feature record: CXX_FEATURE:1cxx_uniform_initialization
    Feature record: CXX_FEATURE:1cxx_unrestricted_unions
    Feature record: CXX_FEATURE:1cxx_user_literals
    Feature record: CXX_FEATURE:0cxx_variable_templates
    Feature record: CXX_FEATURE:1cxx_variadic_macros
    Feature record: CXX_FEATURE:1cxx_variadic_templates


Detecting CXX [-std=c++98] compiler features compiled with the following output:
Change Dir: /Users/Jeremy/184/pasta_factory/src/CMakeFiles/CMakeTmp

Run Build Command:"/usr/bin/make" "cmTC_be0d4/fast"
/Library/Developer/CommandLineTools/usr/bin/make -f CMakeFiles/cmTC_be0d4.dir/build.make CMakeFiles/cmTC_be0d4.dir/build
Building CXX object CMakeFiles/cmTC_be0d4.dir/feature_tests.cxx.o
/Library/Developer/CommandLineTools/usr/bin/c++    -isysroot /Library/Developer/CommandLineTools/SDKs/MacOSX13.1.sdk -mmacosx-version-min=12.6   -std=c++98 -o CMakeFiles/cmTC_be0d4.dir/feature_tests.cxx.o -c /Users/Jeremy/184/pasta_factory/src/CMakeFiles/feature_tests.cxx
Linking CXX executable cmTC_be0d4
/opt/local/bin/cmake -E cmake_link_script CMakeFiles/cmTC_be0d4.dir/link.txt --verbose=1
/Library/Developer/CommandLineTools/usr/bin/c++    -isysroot /Library/Developer/CommandLineTools/SDKs/MacOSX13.1.sdk -mmacosx-version-min=12.6 -Wl,-search_paths_first -Wl,-headerpad_max_install_names   CMakeFiles/cmTC_be0d4.dir/feature_tests.cxx.o  -o cmTC_be0d4 


    Feature record: CXX_FEATURE:0cxx_aggregate_default_initializers
    Feature record: CXX_FEATURE:0cxx_alias_templates
    Feature record: CXX_FEATURE:0cxx_alignas
    Feature record: CXX_FEATURE:0cxx_alignof
    Feature record: CXX_FEATURE:0cxx_attributes
    Feature record: CXX_FEATURE:0cxx_attribute_deprecated
    Feature record: CXX_FEATURE:0cxx_auto_type
    Feature record: CXX_FEATURE:0cxx_binary_literals
    Feature record: CXX_FEATURE:0cxx_constexpr
    Feature record: CXX_FEATURE:0cxx_contextual_conversions
    Feature record: CXX_FEATURE:0cxx_decltype
    Feature record: CXX_FEATURE:0cxx_decltype_auto
    Feature record: CXX_FEATURE:0cxx_decltype_incomplete_return_types
    Feature record: CXX_FEATURE:0cxx_default_function_template_args
    Feature record: CXX_FEATURE:0cxx_defaulted_functions
    Feature record: CXX_FEATURE:0cxx_defaulted_move_initializers
    Feature record: CXX_FEATURE:0cxx_delegating_constructors
    Feature record: CXX_FEATURE:0cxx_deleted_functions
    Feature record: CXX_FEATURE:0cxx_digit_separators
    Feature record: CXX_FEATURE:0cxx_enum_forward_declarations
    Feature record: CXX_FEATURE:0cxx_explicit_conversions
    Feature record: CXX_FEATURE:0cxx_extended_friend_declarations
    Feature record: CXX_FEATURE:0cxx_extern_templates
    Feature record: CXX_FEATURE:0cxx_final
    Feature record: CXX_FEATURE:0cxx_func_identifier
    Feature record: CXX_FEATURE:0cxx_generalized_initializers
    Feature record: CXX_FEATURE:0cxx_generic_lambdas
    Feature record: CXX_FEATURE:0cxx_inheriting_constructors
    Feature record: CXX_FEATURE:0cxx_inline_namespaces
    Feature record: CXX_FEATURE:0cxx_lambdas
    Feature record: CXX_FEATURE:0cxx_lambda_init_captures
    Feature record: CXX_FEATURE:0cxx_local_type_template_args
    Feature record: CXX_FEATURE:0cxx_long_long_type
    Feature record: CXX_FEATURE:0cxx_noexcept
    Feature record: CXX_FEATURE:0cxx_nonstatic_member_init
    Feature record: CXX_FEATURE:0cxx_nullptr
    Feature record: CXX_FEATURE:0cxx_override
    Feature record: CXX_FEATURE:0cxx_range_for
    Feature record: CXX_FEATURE:0cxx_raw_string_literals
    Feature record: CXX_FEATURE:0cxx_reference_qualified_functions
    Feature record: CXX_FEATURE:0cxx_relaxed_constexpr
    Feature record: CXX_FEATURE:0cxx_return_type_deduction
    Feature record: CXX_FEATURE:0cxx_right_angle_brackets
    Feature record: CXX_FEATURE:0cxx_rvalue_references
    Feature record: CXX_FEATURE:0cxx_sizeof_member
    Feature record: CXX_FEATURE:0cxx_static_assert
    Feature record: CXX_FEATURE:0cxx_strong_enums
    Feature record: CXX_FEATURE:1cxx_template_template_parameters
    Feature record: CXX_FEATURE:0cxx_thread_local
    Feature record: CXX_FEATURE:0cxx_trailing_return_types
    Feature record: CXX_FEATURE:0cxx_unicode_literals
    Feature record: CXX_FEATURE:0cxx_uniform_initialization
    Feature record: CXX_FEATURE:0cxx_unrestricted_unions
    Feature record: CXX_FEATURE:0cxx_user_literals
    Feature record: CXX_FEATURE:0cxx_variable_templates
    Feature record: CXX_FEATURE:0cxx_variadic_macros
    Feature record: CXX_FEATURE:0cxx_variadic_templates
Determining if the include file pthread.h exists passed with the following output:
Change Dir: /Users/Jeremy/184/pasta_factory/src/CMakeFiles/CMakeTmp

Run Build Command:"/usr/bin/make" "cmTC_e4c48/fast"
/Library/Developer/CommandLineTools/usr/bin/make -f CMakeFiles/cmTC_e4c48.dir/build.make CMakeFiles/cmTC_e4c48.dir/build
Building C object CMakeFiles/cmTC_e4c48.dir/CheckIncludeFile.c.o
/Library/Developer/CommandLineTools/usr/bin/cc   -Wno-deprecated-declarations  -isysroot /Library/Developer/CommandLineTools/SDKs/MacOSX13.1.sdk -mmacosx-version-min=12.6   -o CMakeFiles/cmTC_e4c48.dir/CheckIncludeFile.c.o   -c /Users/Jeremy/184/pasta_factory/src/CMakeFiles/CMakeTmp/CheckIncludeFile.c
Linking C executable cmTC_e4c48
/opt/local/bin/cmake -E cmake_link_script CMakeFiles/cmTC_e4c48.dir/link.txt --verbose=1
/Library/Developer/CommandLineTools/usr/bin/cc  -Wno-deprecated-declarations  -isysroot /Library/Developer/CommandLineTools/SDKs/MacOSX13.1.sdk -mmacosx-version-min=12.6 -Wl,-search_paths_first -Wl,-headerpad_max_install_names   CMakeFiles/cmTC_e4c48.dir/CheckIncludeFile.c.o  -o cmTC_e4c48 


Determining if the pthread_create exist passed with the following output:
Change Dir: /Users/Jeremy/184/pasta_factory/src/CMakeFiles/CMakeTmp

Run Build Command:"/usr/bin/make" "cmTC_23730/fast"
/Library/Developer/CommandLineTools/usr/bin/make -f CMakeFiles/cmTC_23730.dir/build.make CMakeFiles/cmTC_23730.dir/build
Building C object CMakeFiles/cmTC_23730.dir/CheckSymbolExists.c.o
/Library/Developer/CommandLineTools/usr/bin/cc   -Wno-deprecated-declarations  -isysroot /Library/Developer/CommandLineTools/SDKs/MacOSX13.1.sdk -mmacosx-version-min=12.6   -o CMakeFiles/cmTC_23730.dir/CheckSymbolExists.c.o   -c /Users/Jeremy/184/pasta_factory/src/CMakeFiles/CMakeTmp/CheckSymbolExists.c
Linking C executable cmTC_23730
/opt/local/bin/cmake -E cmake_link_script CMakeFiles/cmTC_23730.dir/link.txt --verbose=1
/Library/Developer/CommandLineTools/usr/bin/cc  -Wno-deprecated-declarations  -isysroot /Library/Developer/CommandLineTools/SDKs/MacOSX13.1.sdk -mmacosx-version-min=12.6 -Wl,-search_paths_first -Wl,-headerpad_max_install_names   CMakeFiles/cmTC_23730.dir/CheckSymbolExists.c.o  -o cmTC_23730 

File /Users/Jeremy/184/pasta_factory/src/CMakeFiles/CMakeTmp/CheckSymbolExists.c:
/* */
#include <pthread.h>

int main(int argc, char** argv)
{
  (void)argv;
#ifndef pthread_create
  return ((int*)(&pthread_create))[argc];
#else
  (void)argc;
  return 0;
#endif
}

Performing C++ SOURCE FILE Test HAS_CPP14_FLAG succeeded with the following output:
Change Dir: /Users/Jeremy/184/pasta_factory/src/CMakeFiles/CMakeTmp

Run Build Command:"/usr/bin/make" "cmTC_fad43/fast"
/Library/Developer/CommandLineTools/usr/bin/make -f CMakeFiles/cmTC_fad43.dir/build.make CMakeFiles/cmTC_fad43.dir/build
Building CXX object CMakeFiles/cmTC_fad43.dir/src.cxx.o
/Library/Developer/CommandLineTools/usr/bin/c++    -std=c++11 -m64 -O3 -funroll-loops -Wno-narrowing -Wno-deprecated-register -Wall -Wextra -DHAS_CPP14_FLAG -isysroot /Library/Developer/CommandLineTools/SDKs/MacOSX13.1.sdk -mmacosx-version-min=12.6   -std=c++14 -o CMakeFiles/cmTC_fad43.dir/src.cxx.o -c /Users/Jeremy/184/pasta_factory/src/CMakeFiles/CMakeTmp/src.cxx
Linking CXX executable cmTC_fad43
/opt/local/bin/cmake -E cmake_link_script CMakeFiles/cmTC_fad43.dir/link.txt --verbose=1
/Library/Developer/CommandLineTools/usr/bin/c++   -std=c++11 -m64 -O3 -funroll-loops -Wno-narrowing -Wno-deprecated-register -Wall -Wextra -DHAS_CPP14_FLAG -isysroot /Library/Developer/CommandLineTools/SDKs/MacOSX13.1.sdk -mmacosx-version-min=12.6 -Wl,-search_paths_first -Wl,-headerpad_max_install_names   CMakeFiles/cmTC_fad43.dir/src.cxx.o  -o cmTC_fad43 

Source file was:
int main() { return 0; }
Performing C++ SOURCE FILE Test HAS_CPP11_FLAG succeeded with the following output:
Change Dir: /Users/Jeremy/184/pasta_factory/src/CMakeFiles/CMakeTmp

Run Build Command:"/usr/bin/make" "cmTC_eb203/fast"
/Library/Developer/CommandLineTools/usr/bin/make -f CMakeFiles/cmTC_eb203.dir/build.make CMakeFiles/cmTC_eb203.dir/build
Building CXX object CMakeFiles/cmTC_eb203.dir/src.cxx.o
/Library/Developer/CommandLineTools/usr/bin/c++    -std=c++11 -m64 -O3 -funroll-loops -Wno-narrowing -Wno-deprecated-register -Wall -Wextra -DHAS_CPP11_FLAG -isysroot /Library/Developer/CommandLineTools/SDKs/MacOSX13.1.sdk -mmacosx-version-min=12.6   -std=c++11 -o CMakeFiles/cmTC_eb203.dir/src.cxx.o -c /Users/Jeremy/184/pasta_factory/src/CMakeFiles/CMakeTmp/src.cxx
Linking CXX executable cmTC_eb203
/opt/local/bin/cmake -E cmake_link_script CMakeFiles/cmTC_eb203.dir/link.txt --verbose=1
/Library/Developer/CommandLineTools/usr/bin/c++   -std=c++11 -m64 -O3 -funroll-loops -Wno-narrowing -Wno-deprecated-register -Wall -Wextra -DHAS_CPP11_FLAG -isysroot /Library/Developer/CommandLineTools/SDKs/MacOSX13.1.sdk -mmacosx-version-min=12.6 -Wl,-search_paths_first -Wl,-headerpad_max_install_names   CMakeFiles/cmTC_eb203.dir/src.cxx.o  -o cmTC_eb203 

Source file was:
int main() { return 0; }
Performing C++ SOURCE FILE Test HAS_LTO succeeded with the following output:
Change Dir: /Users/Jeremy/184/pasta_factory/src/CMakeFiles/CMakeTmp

Run Build Command:"/usr/bin/make" "cmTC_e7ead/fast"
/Library/Developer/CommandLineTools/usr/bin/make -f CMakeFiles/cmTC_e7ead.dir/build.make CMakeFiles/cmTC_e7ead.dir/build
Building CXX object CMakeFiles/cmTC_e7ead.dir/src.cxx.o
/Library/Developer/CommandLineTools/usr/bin/c++    -fvisibility=hidden  -std=c++11 -m64 -O3 -funroll-loops -Wno-narrowing -Wno-deprecated-register -Wall -Wextra -std=c++14 -DHAS_LTO -flto=thin -isysroot /Library/Developer/CommandLineTools/SDKs/MacOSX13.1.sdk -mmacosx-version-min=12.6   -o CMakeFiles/cmTC_e7ead.dir/src.cxx.o -c /Users/Jeremy/184/pasta_factory/src/CMakeFiles/CMakeTmp/src.cxx
/Users/Jeremy/184/pasta_factory/src/CMakeFiles/CMakeTmp/src.cxx:1:14: warning: unused parameter 'argc' [-Wunused-parameter]
int main(int argc, char **argv) { return 0; }
             ^
/Users/Jeremy/184/pasta_factory/src/CMakeFiles/CMakeTmp/src.cxx:1:27: warning: unused parameter 'argv' [-Wunused-parameter]
int main(int argc, char **argv) { return 0; }
                          ^
2 warnings generated.
Linking CXX executable cmTC_e7ead
/opt/local/bin/cmake -E cmake_link_script CMakeFiles/cmTC_e7ead.dir/link.txt --verbose=1
/Library/Developer/CommandLineTools/usr/bin/c++  -fvisibility=hidden  -std=c++11 -m64 -O3 -funroll-loops -Wno-narrowing -Wno-deprecated-register -Wall -Wextra -std=c++14 -DHAS_LTO -flto=thin -isysroot /Library/Developer/CommandLineTools/SDKs/MacOSX13.1.sdk -mmacosx-version-min=12.6 -Wl,-search_paths_first -Wl,-headerpad_max_install_names   CMakeFiles/cmTC_e7ead.dir/src.cxx.o  -o cmTC_e7ead -flto=thin 

Return value: 1
Source file was:
int main(int argc, char **argv) { return 0; }
Performing C++ SOURCE FILE Test HAS_LIBCPP succeeded with the following output:
Change Dir: /Users/Jeremy/184/pasta_factory/src/CMakeFiles/CMakeTmp

Run Build Command:"/usr/bin/make" "cmTC_eba5b/fast"
/Library/Developer/CommandLineTools/usr/bin/make -f CMakeFiles/cmTC_eba5b.dir/build.make CMakeFiles/cmTC_eba5b.dir/build
Building CXX object CMakeFiles/cmTC_eba5b.dir/src.cxx.o
/Library/Developer/CommandLineTools/usr/bin/c++    -fvisibility=hidden  -std=c++11 -m64 -O3 -funroll-loops -Wno-narrowing -Wno-deprecated-register -Wall -Wextra -std=c++14 -flto=thin -DHAS_LIBCPP -stdlib=libc++ -isysroot /Library/Developer/CommandLineTools/SDKs/MacOSX13.1.sdk -mmacosx-version-min=12.6   -o CMakeFiles/cmTC_eba5b.dir/src.cxx.o -c /Users/Jeremy/184/pasta_factory/src/CMakeFiles/CMakeTmp/src.cxx
/Users/Jeremy/184/pasta_factory/src/CMakeFiles/CMakeTmp/src.cxx:1:14: warning: unused parameter 'argc' [-Wunused-parameter]
int main(int argc, char **argv) { return 0; }
             ^
/Users/Jeremy/184/pasta_factory/src/CMakeFiles/CMakeTmp/src.cxx:1:27: warning: unused parameter 'argv' [-Wunused-parameter]
int main(int argc, char **argv) { return 0; }
                          ^
2 warnings generated.
Linking CXX executable cmTC_eba5b
/opt/local/bin/cmake -E cmake_link_script CMakeFiles/cmTC_eba5b.dir/link.txt --verbose=1
/Library/Developer/CommandLineTools/usr/bin/c++  -fvisibility=hidden  -std=c++11 -m64 -O3 -funroll-loops -Wno-narrowing -Wno-deprecated-register -Wall -Wextra -std=c++14 -flto=thin -DHAS_LIBCPP -stdlib=libc++ -isysroot /Library/Developer/CommandLineTools/SDKs/MacOSX13.1.sdk -mmacosx-version-min=12.6 -Wl,-search_paths_first -Wl,-headerpad_max_install_names   CMakeFiles/cmTC_eba5b.dir/src.cxx.o  -o cmTC_eba5b -stdlib=libc++ 

Return value: 1
Source file was:
int main(int argc, char **argv) { return 0; }
Performing C++ SOURCE FILE Test HAS_LIBCPPABI succeeded with the following output:
Change Dir: /Users/Jeremy/184/pasta_factory/src/CMakeFiles/CMakeTmp

Run Build Command:"/usr/bin/make" "cmTC_4f9ba/fast"
/Library/Developer/CommandLineTools/usr/bin/make -f CMakeFiles/cmTC_4f9ba.dir/build.make CMakeFiles/cmTC_4f9ba.dir/build
Building CXX object CMakeFiles/cmTC_4f9ba.dir/src.cxx.o
/Library/Developer/CommandLineTools/usr/bin/c++    -fvisibility=hidden  -std=c++11 -m64 -O3 -funroll-loops -Wno-narrowing -Wno-deprecated-register -Wall -Wextra -std=c++14 -flto=thin -stdlib=libc++ -DHAS_LIBCPPABI -stdlib=libc++ -isysroot /Library/Developer/CommandLineTools/SDKs/MacOSX13.1.sdk -mmacosx-version-min=12.6   -o CMakeFiles/cmTC_4f9ba.dir/src.cxx.o -c /Users/Jeremy/184/pasta_factory/src/CMakeFiles/CMakeTmp/src.cxx
/Users/Jeremy/184/pasta_factory/src/CMakeFiles/CMakeTmp/src.cxx:1:14: warning: unused parameter 'argc' [-Wunused-parameter]
int main(int argc, char **argv) { return 0; }
             ^
/Users/Jeremy/184/pasta_factory/src/CMakeFiles/CMakeTmp/src.cxx:1:27: warning: unused parameter 'argv' [-Wunused-parameter]
int main(int argc, char **argv) { return 0; }
                          ^
2 warnings generated.
Linking CXX executable cmTC_4f9ba
/opt/local/bin/cmake -E cmake_link_script CMakeFiles/cmTC_4f9ba.dir/link.txt --verbose=1
/Library/Developer/CommandLineTools/usr/bin/c++  -fvisibility=hidden  -std=c++11 -m64 -O3 -funroll-loops -Wno-narrowing -Wno-deprecated-register -Wall -Wextra -std=c++14 -flto=thin -stdlib=libc++ -DHAS_LIBCPPABI -stdlib=libc++ -isysroot /Library/Developer/CommandLineTools/SDKs/MacOSX13.1.sdk -mmacosx-version-min=12.6 -Wl,-search_paths_first -Wl,-headerpad_max_install_names   CMakeFiles/cmTC_4f9ba.dir/src.cxx.o  -o cmTC_4f9ba -stdlib=libc++ -lc++abi 

Return value: 1
Source file was:
int main(int argc, char **argv) { return 0; }
